event,seconds
MPI_Init,1.725643
MPI_Comm_rank,0.000007
MPI_Comm_size,0.000002
MPI_Isend,0.000004
MPI_Isend,0.000001
MPI_Isend,0.000001
MPI_Isend,0.000001
MPI_Isend,0.000001
MPI_Isend,0.000001
MPI_Isend,0.000000
MPI_Isend,0.000000
MPI_Isend,0.000001
MPI_Isend,0.000001
MPI_Isend,0.000001
MPI_Isend,0.000001
MPI_Isend,0.000001
MPI_Isend,0.000001
MPI_Isend,0.000001
MPI_Isend,0.000001
MPI_Isend,0.002902
MPI_Isend,0.003875
MPI_Isend,0.002859
MPI_Isend,0.003778
MPI_Isend,0.002825
MPI_Isend,0.006042
MPI_Isend,0.002998
MPI_Isend,0.004976
MPI_Isend,0.002951
MPI_Isend,0.004784
MPI_Isend,0.002837
MPI_Isend,0.004990
MPI_Isend,0.002965
MPI_Isend,0.004769
MPI_Isend,0.003013
MPI_Isend,0.000001
MPI_Isend,0.004791
MPI_Isend,0.003005
MPI_Isend,0.005288
MPI_Isend,0.002945
MPI_Isend,0.005023
MPI_Isend,0.003012
MPI_Isend,0.004836
MPI_Isend,0.002879
MPI_Isend,0.005171
MPI_Isend,0.002883
MPI_Isend,0.003048
MPI_Isend,0.004932
MPI_Isend,0.002944
MPI_Isend,0.004684
MPI_Isend,0.003116
MPI_Isend,0.003054
MPI_Isend,0.002849
MPI_Isend,0.002972
MPI_Isend,0.003678
MPI_Isend,0.002900
MPI_Isend,0.004782
MPI_Isend,0.003033
MPI_Isend,0.002970
MPI_Isend,0.002631
MPI_Isend,0.002946
MPI_Isend,0.002965
MPI_Isend,0.004793
MPI_Isend,0.000069
MPI_Isend,0.002910
MPI_Isend,0.000070
MPI_Isend,0.003118
MPI_Ibcast,0.003105
MPI_Wait,0.000085
MPI_Irecv,0.000002
MPI_Wait,0.000008
MPI_Irecv,0.000000
MPI_Wait,0.000000
MPI_Irecv,0.000000
MPI_Wait,0.000000
MPI_Irecv,0.000000
MPI_Wait,0.000000
MPI_Irecv,0.000000
MPI_Wait,0.000001
MPI_Irecv,0.000000
MPI_Wait,0.000000
MPI_Irecv,0.000000
MPI_Wait,0.000000
MPI_Irecv,0.000000
MPI_Wait,0.000000
MPI_Irecv,0.000000
MPI_Wait,0.000001
MPI_Irecv,0.000000
MPI_Wait,0.000000
MPI_Irecv,0.000000
MPI_Wait,0.000000
MPI_Irecv,0.000000
MPI_Wait,0.000000
MPI_Irecv,0.000000
MPI_Wait,0.000000
MPI_Irecv,0.000000
MPI_Wait,0.000000
MPI_Irecv,0.000000
MPI_Wait,0.000000
MPI_Irecv,0.000000
MPI_Wait,0.000012
MPI_Irecv,0.000000
MPI_Wait,0.000000
MPI_Irecv,0.000000
MPI_Wait,0.000000
MPI_Irecv,0.000000
MPI_Wait,0.000000
MPI_Irecv,0.000000
MPI_Wait,0.000000
MPI_Irecv,0.000000
MPI_Wait,0.000000
MPI_Irecv,0.000000
MPI_Wait,0.000000
MPI_Irecv,0.000000
MPI_Wait,0.000220
MPI_Irecv,0.000000
MPI_Wait,0.000004
MPI_Irecv,0.000000
MPI_Wait,0.000000
MPI_Irecv,0.000000
MPI_Wait,0.000015
MPI_Irecv,0.000000
MPI_Wait,0.000001
MPI_Irecv,0.000000
MPI_Wait,0.000000
MPI_Irecv,0.000000
MPI_Wait,0.000000
MPI_Irecv,0.000000
MPI_Wait,0.000000
MPI_Irecv,0.000000
MPI_Wait,0.000000
MPI_Irecv,0.000000
MPI_Wait,0.000000
MPI_Irecv,0.000000
MPI_Wait,0.000000
MPI_Irecv,0.000000
MPI_Wait,0.000017
MPI_Irecv,0.000000
MPI_Wait,0.000000
MPI_Irecv,0.000000
MPI_Wait,0.000000
MPI_Irecv,0.000000
MPI_Wait,0.000000
MPI_Irecv,0.000000
MPI_Wait,0.000000
MPI_Irecv,0.000000
MPI_Wait,0.000021
MPI_Irecv,0.000000
MPI_Wait,0.000000
MPI_Irecv,0.000000
MPI_Wait,0.000000
MPI_Irecv,0.000000
MPI_Wait,0.000000
MPI_Irecv,0.000000
MPI_Wait,0.000000
MPI_Irecv,0.000000
MPI_Wait,0.000000
MPI_Irecv,0.000000
MPI_Wait,0.000000
MPI_Irecv,0.000000
MPI_Wait,0.000000
MPI_Irecv,0.000000
MPI_Wait,0.000000
MPI_Irecv,0.000000
MPI_Wait,0.000000
MPI_Irecv,0.000000
MPI_Wait,0.000000
MPI_Irecv,0.000000
MPI_Wait,0.000051
MPI_Irecv,0.000000
MPI_Wait,0.000000
MPI_Irecv,0.000000
MPI_Wait,0.000000
MPI_Irecv,0.000000
MPI_Wait,0.000000
MPI_Irecv,0.000000
MPI_Wait,0.000000
MPI_Irecv,0.000000
MPI_Wait,0.000000
MPI_Irecv,0.000000
MPI_Wait,0.000000
MPI_Irecv,0.000000
MPI_Wait,0.000000
MPI_Irecv,0.000000
MPI_Wait,0.000000
MPI_Irecv,0.000000
MPI_Wait,0.000000
MPI_Irecv,0.000000
MPI_Wait,0.000000
MPI_Irecv,0.000000
MPI_Wait,0.001751
MPI_Irecv,0.000000
MPI_Wait,0.000000
MPI_Irecv,0.000000
MPI_Wait,0.000000
ELAPSED_TIME,0.166342
MPI_Finalize,2.490560
