event,seconds
MPI_Init,1.323462
MPI_Comm_rank,0.000006
MPI_Comm_size,0.000002
MPI_Isend,0.000005
MPI_Isend,0.000001
MPI_Isend,0.000000
MPI_Isend,0.000001
MPI_Isend,0.000001
MPI_Isend,0.000001
MPI_Isend,0.000001
MPI_Isend,0.000001
MPI_Isend,0.002802
MPI_Isend,0.002677
MPI_Isend,0.002666
MPI_Isend,0.003570
MPI_Isend,0.004683
MPI_Isend,0.002859
MPI_Isend,0.002792
MPI_Isend,0.000001
MPI_Isend,0.004610
MPI_Isend,0.004593
MPI_Isend,0.002921
MPI_Isend,0.004785
MPI_Isend,0.002901
MPI_Isend,0.004471
MPI_Isend,0.002887
MPI_Isend,0.002816
MPI_Isend,0.002735
MPI_Isend,0.005583
MPI_Isend,0.004740
MPI_Isend,0.002873
MPI_Isend,0.004663
MPI_Isend,0.002893
MPI_Isend,0.004880
MPI_Ibcast,0.000029
MPI_Wait,0.003123
MPI_Irecv,0.000002
MPI_Wait,0.000004
MPI_Irecv,0.000000
MPI_Wait,0.000000
MPI_Irecv,0.000000
MPI_Wait,0.000008
MPI_Irecv,0.000000
MPI_Wait,0.000000
MPI_Irecv,0.000000
MPI_Wait,0.000000
MPI_Irecv,0.000000
MPI_Wait,0.000000
MPI_Irecv,0.000000
MPI_Wait,0.000000
MPI_Irecv,0.000000
MPI_Wait,0.000000
MPI_Irecv,0.000000
MPI_Wait,0.000000
MPI_Irecv,0.000000
MPI_Wait,0.000297
MPI_Irecv,0.000000
MPI_Wait,0.000000
MPI_Irecv,0.000000
MPI_Wait,0.000001
MPI_Irecv,0.000000
MPI_Wait,0.000000
MPI_Irecv,0.000000
MPI_Wait,0.000000
MPI_Irecv,0.000000
MPI_Wait,0.000000
MPI_Irecv,0.000000
MPI_Wait,0.000000
MPI_Irecv,0.000000
MPI_Wait,0.000000
MPI_Irecv,0.000000
MPI_Wait,0.000001
MPI_Irecv,0.000000
MPI_Wait,0.000000
MPI_Irecv,0.000000
MPI_Wait,0.000000
MPI_Irecv,0.000000
MPI_Wait,0.000001
MPI_Irecv,0.000000
MPI_Wait,0.000000
MPI_Irecv,0.000000
MPI_Wait,0.000000
MPI_Irecv,0.000000
MPI_Wait,0.000052
MPI_Irecv,0.000000
MPI_Wait,0.000000
MPI_Irecv,0.000000
MPI_Wait,0.000000
MPI_Irecv,0.000000
MPI_Wait,0.000001
MPI_Irecv,0.000000
MPI_Wait,0.000000
MPI_Irecv,0.000000
MPI_Wait,0.000110
MPI_Irecv,0.000000
MPI_Wait,0.002778
MPI_Irecv,0.000001
MPI_Wait,0.000013
ELAPSED_TIME,0.086927
MPI_Finalize,1.820111
