event,seconds
MPI_Init,1.421266
MPI_Comm_rank,0.000007
MPI_Comm_size,0.000002
MPI_Isend,0.000005
MPI_Isend,0.000001
MPI_Isend,0.000001
MPI_Isend,0.000001
MPI_Isend,0.000001
MPI_Isend,0.000001
MPI_Isend,0.000001
MPI_Isend,0.000001
MPI_Isend,0.002800
MPI_Isend,0.002944
MPI_Isend,0.003822
MPI_Isend,0.002798
MPI_Isend,0.002782
MPI_Isend,0.004560
MPI_Isend,0.002954
MPI_Isend,0.000001
MPI_Isend,0.004477
MPI_Isend,0.004903
MPI_Isend,0.002940
MPI_Isend,0.004871
MPI_Isend,0.002823
MPI_Isend,0.003224
MPI_Isend,0.004895
MPI_Isend,0.004736
MPI_Isend,0.002852
MPI_Isend,0.002845
MPI_Isend,0.005935
MPI_Isend,0.002824
MPI_Isend,0.004924
MPI_Isend,0.002956
MPI_Isend,0.004950
MPI_Ibcast,0.000028
MPI_Wait,0.003050
MPI_Irecv,0.000002
MPI_Wait,0.000009
MPI_Irecv,0.000000
MPI_Wait,0.000000
MPI_Irecv,0.000000
MPI_Wait,0.000001
MPI_Irecv,0.000000
MPI_Wait,0.000000
MPI_Irecv,0.000000
MPI_Wait,0.000000
MPI_Irecv,0.000000
MPI_Wait,0.000000
MPI_Irecv,0.000000
MPI_Wait,0.000000
MPI_Irecv,0.000000
MPI_Wait,0.000000
MPI_Irecv,0.000000
MPI_Wait,0.000000
MPI_Irecv,0.000000
MPI_Wait,0.000344
MPI_Irecv,0.000000
MPI_Wait,0.000009
MPI_Irecv,0.000000
MPI_Wait,0.000000
MPI_Irecv,0.000000
MPI_Wait,0.000000
MPI_Irecv,0.000000
MPI_Wait,0.000000
MPI_Irecv,0.000000
MPI_Wait,0.000000
MPI_Irecv,0.000000
MPI_Wait,0.000000
MPI_Irecv,0.000000
MPI_Wait,0.000002
MPI_Irecv,0.000000
MPI_Wait,0.000000
MPI_Irecv,0.000000
MPI_Wait,0.000000
MPI_Irecv,0.000000
MPI_Wait,0.000000
MPI_Irecv,0.000000
MPI_Wait,0.000000
MPI_Irecv,0.000000
MPI_Wait,0.000000
MPI_Irecv,0.000000
MPI_Wait,0.000000
MPI_Irecv,0.000000
MPI_Wait,0.000049
MPI_Irecv,0.000000
MPI_Wait,0.000004
MPI_Irecv,0.000000
MPI_Wait,0.000003
MPI_Irecv,0.000000
MPI_Wait,0.000000
MPI_Irecv,0.000000
MPI_Wait,0.000000
MPI_Irecv,0.000000
MPI_Wait,0.000049
MPI_Irecv,0.000000
MPI_Wait,0.002454
MPI_Irecv,0.000000
MPI_Wait,0.000009
ELAPSED_TIME,0.088918
MPI_Finalize,1.763825
