event,seconds
MPI_Init,1.394721
MPI_Comm_rank,0.000008
MPI_Comm_size,0.000002
MPI_Isend,0.000005
MPI_Isend,0.000001
MPI_Isend,0.000001
MPI_Isend,0.000001
MPI_Isend,0.000001
MPI_Isend,0.000001
MPI_Isend,0.000001
MPI_Isend,0.000001
MPI_Isend,0.003030
MPI_Isend,0.002772
MPI_Isend,0.002807
MPI_Isend,0.003578
MPI_Isend,0.002775
MPI_Isend,0.004368
MPI_Isend,0.004230
MPI_Isend,0.000001
MPI_Isend,0.002734
MPI_Isend,0.002856
MPI_Isend,0.004725
MPI_Isend,0.002636
MPI_Isend,0.004216
MPI_Isend,0.002888
MPI_Isend,0.006006
MPI_Isend,0.002924
MPI_Isend,0.004637
MPI_Isend,0.003134
MPI_Isend,0.002962
MPI_Isend,0.004809
MPI_Isend,0.004963
MPI_Isend,0.003030
MPI_Isend,0.003045
MPI_Ibcast,0.000080
MPI_Wait,0.002122
MPI_Irecv,0.000002
MPI_Wait,0.000911
MPI_Irecv,0.000000
MPI_Wait,0.001851
MPI_Irecv,0.000000
MPI_Wait,0.000000
MPI_Irecv,0.000000
MPI_Wait,0.000000
MPI_Irecv,0.000000
MPI_Wait,0.000000
MPI_Irecv,0.000000
MPI_Wait,0.000000
MPI_Irecv,0.000000
MPI_Wait,0.000000
MPI_Irecv,0.000000
MPI_Wait,0.000000
MPI_Irecv,0.000000
MPI_Wait,0.000000
MPI_Irecv,0.000000
MPI_Wait,0.000131
MPI_Irecv,0.000000
MPI_Wait,0.000003
MPI_Irecv,0.000000
MPI_Wait,0.000297
MPI_Irecv,0.000000
MPI_Wait,0.000000
MPI_Irecv,0.000000
MPI_Wait,0.000000
MPI_Irecv,0.000000
MPI_Wait,0.000000
MPI_Irecv,0.000000
MPI_Wait,0.000000
MPI_Irecv,0.000000
MPI_Wait,0.000000
MPI_Irecv,0.000000
MPI_Wait,0.000000
MPI_Irecv,0.000000
MPI_Wait,0.000000
MPI_Irecv,0.000000
MPI_Wait,0.000000
MPI_Irecv,0.000000
MPI_Wait,0.000000
MPI_Irecv,0.000000
MPI_Wait,0.000000
MPI_Irecv,0.000000
MPI_Wait,0.000000
MPI_Irecv,0.000000
MPI_Wait,0.000000
MPI_Irecv,0.000000
MPI_Wait,0.000000
MPI_Irecv,0.000000
MPI_Wait,0.000000
MPI_Irecv,0.000000
MPI_Wait,0.000000
MPI_Irecv,0.000000
MPI_Wait,0.000006
MPI_Irecv,0.000000
MPI_Wait,0.000000
MPI_Irecv,0.000000
MPI_Wait,0.003046
MPI_Irecv,0.000001
MPI_Wait,0.000000
ELAPSED_TIME,0.087670
MPI_Finalize,1.767355
