event,seconds
MPI_Init,0.921055
MPI_Comm_rank,0.000009
MPI_Comm_size,0.000001
MPI_Send,0.000144
MPI_Send,0.000093
MPI_Send,0.000352
MPI_Send,0.000075
MPI_Send,0.000362
MPI_Send,0.000239
MPI_Send,0.000302
MPI_Send,0.000088
MPI_Send,0.000296
MPI_Send,0.000286
MPI_Send,0.000263
MPI_Send,0.000304
MPI_Send,0.000275
MPI_Send,0.000268
MPI_Send,0.000266
MPI_Send,0.000451
MPI_Send,0.001383
MPI_Send,0.001447
MPI_Send,0.001396
MPI_Send,0.001329
MPI_Send,0.001364
MPI_Send,0.001387
MPI_Send,0.001328
MPI_Send,0.001341
MPI_Send,0.001247
MPI_Send,0.001270
MPI_Send,0.001150
MPI_Send,0.001273
MPI_Send,0.001164
MPI_Send,0.001179
MPI_Send,0.001414
MPI_Send,0.000343
MPI_Send,0.001939
MPI_Send,0.001334
MPI_Send,0.001248
MPI_Send,0.001254
MPI_Send,0.001402
MPI_Send,0.001257
MPI_Send,0.001235
MPI_Send,0.001168
MPI_Send,0.001266
MPI_Send,0.001232
MPI_Send,0.001526
MPI_Send,0.001241
MPI_Send,0.001190
MPI_Send,0.001383
MPI_Send,0.001352
MPI_Send,0.000485
MPI_Send,0.001895
MPI_Send,0.001386
MPI_Send,0.001413
MPI_Send,0.001347
MPI_Send,0.001289
MPI_Send,0.001204
MPI_Send,0.001212
MPI_Send,0.000440
MPI_Send,0.001974
MPI_Send,0.001331
MPI_Send,0.001399
MPI_Send,0.000445
MPI_Send,0.001776
MPI_Send,0.000407
MPI_Send,0.000854
MPI_Bcast,0.180522
MPI_Recv,0.000235
MPI_Recv,0.000079
MPI_Recv,0.000074
MPI_Recv,0.000078
MPI_Recv,0.000075
MPI_Recv,0.000078
MPI_Recv,0.000090
MPI_Recv,0.000074
MPI_Recv,0.000074
MPI_Recv,0.000077
MPI_Recv,0.000076
MPI_Recv,0.000075
MPI_Recv,0.000076
MPI_Recv,0.000078
MPI_Recv,0.000071
MPI_Recv,0.114082
MPI_Recv,0.001113
MPI_Recv,0.000986
MPI_Recv,0.031677
MPI_Recv,0.003919
MPI_Recv,0.000562
MPI_Recv,0.000431
MPI_Recv,0.000436
MPI_Recv,0.000702
MPI_Recv,0.243884
MPI_Recv,0.000513
MPI_Recv,0.000420
MPI_Recv,0.000481
MPI_Recv,0.000603
MPI_Recv,0.000502
MPI_Recv,0.000471
MPI_Recv,0.000645
MPI_Recv,0.000502
MPI_Recv,0.000519
MPI_Recv,0.000428
MPI_Recv,0.000436
MPI_Recv,0.000472
MPI_Recv,0.000796
MPI_Recv,0.000713
MPI_Recv,0.000567
MPI_Recv,0.000620
MPI_Recv,0.000475
MPI_Recv,0.000465
MPI_Recv,0.000623
MPI_Recv,0.000434
MPI_Recv,0.000459
MPI_Recv,0.000598
MPI_Recv,0.000447
MPI_Recv,0.000496
MPI_Recv,0.001041
MPI_Recv,0.000640
MPI_Recv,0.000774
MPI_Recv,0.000776
MPI_Recv,0.000499
MPI_Recv,0.000586
MPI_Recv,0.000433
MPI_Recv,0.000432
MPI_Recv,0.000503
MPI_Recv,0.000497
MPI_Recv,0.000458
MPI_Recv,0.000453
MPI_Recv,0.000484
MPI_Recv,0.000505
ELAPSED_TIME,0.777170
MPI_Finalize,1.012393
