event,seconds
MPI_Init,1.675777
MPI_Comm_rank,0.000011
MPI_Comm_size,0.000001
MPI_Isend,0.000015
MPI_Isend,0.000001
MPI_Isend,0.000001
MPI_Isend,0.000001
MPI_Isend,0.003271
MPI_Isend,0.003070
MPI_Isend,0.003887
MPI_Isend,0.000001
MPI_Isend,0.002824
MPI_Isend,0.005009
MPI_Isend,0.002903
MPI_Isend,0.002892
MPI_Isend,0.004516
MPI_Isend,0.002913
MPI_Isend,0.005568
MPI_Ibcast,0.000021
MPI_Wait,0.000025
MPI_Irecv,0.000001
MPI_Wait,0.000006
MPI_Irecv,0.000000
MPI_Wait,0.000013
MPI_Irecv,0.000000
MPI_Wait,0.000000
MPI_Irecv,0.000000
MPI_Wait,0.000000
MPI_Irecv,0.000000
MPI_Wait,0.000124
MPI_Irecv,0.000000
MPI_Wait,0.000023
MPI_Irecv,0.000000
MPI_Wait,0.000015
MPI_Irecv,0.000000
MPI_Wait,0.000000
MPI_Irecv,0.000000
MPI_Wait,0.000000
MPI_Irecv,0.000000
MPI_Wait,0.000000
MPI_Irecv,0.000000
MPI_Wait,0.000000
MPI_Irecv,0.000000
MPI_Wait,0.000000
MPI_Irecv,0.000000
MPI_Wait,0.002919
MPI_Irecv,0.000001
MPI_Wait,0.000000
MPI_Irecv,0.000000
MPI_Wait,0.002491
ELAPSED_TIME,0.042555
MPI_Finalize,1.594479
