event,seconds
MPI_Init,0.903348
MPI_Comm_rank,0.000007
MPI_Comm_size,0.000001
MPI_Isend,0.000033
MPI_Isend,0.000020
MPI_Isend,0.001675
MPI_Isend,0.000023
MPI_Isend,0.000267
MPI_Isend,0.002736
MPI_Isend,0.000229
MPI_Isend,0.000012
MPI_Isend,0.000172
MPI_Isend,0.000178
MPI_Isend,0.000215
MPI_Isend,0.000225
MPI_Isend,0.000187
MPI_Isend,0.000185
MPI_Isend,0.000183
MPI_Isend,0.000014
MPI_Isend,0.000531
MPI_Isend,0.000513
MPI_Isend,0.000532
MPI_Isend,0.000460
MPI_Isend,0.000499
MPI_Isend,0.000438
MPI_Isend,0.000450
MPI_Isend,0.000510
MPI_Isend,0.000478
MPI_Isend,0.000481
MPI_Isend,0.000476
MPI_Isend,0.000501
MPI_Isend,0.000428
MPI_Isend,0.000509
MPI_Isend,0.000470
MPI_Isend,0.000012
MPI_Isend,0.000527
MPI_Isend,0.000501
MPI_Isend,0.000512
MPI_Isend,0.000516
MPI_Isend,0.000536
MPI_Isend,0.000491
MPI_Isend,0.000518
MPI_Isend,0.000510
MPI_Isend,0.000479
MPI_Isend,0.000528
MPI_Isend,0.000587
MPI_Isend,0.000577
MPI_Isend,0.000556
MPI_Isend,0.000515
MPI_Isend,0.000479
MPI_Isend,0.000011
MPI_Isend,0.000522
MPI_Isend,0.000587
MPI_Isend,0.000442
MPI_Isend,0.000469
MPI_Isend,0.000478
MPI_Isend,0.000486
MPI_Isend,0.000428
MPI_Isend,0.000011
MPI_Isend,0.000482
MPI_Isend,0.000440
MPI_Isend,0.000460
MPI_Isend,0.000011
MPI_Isend,0.000483
MPI_Isend,0.000011
MPI_Isend,0.000010
MPI_Ibcast,0.000155
MPI_Wait,0.000017
MPI_Irecv,0.000002
MPI_Wait,0.000096
MPI_Irecv,0.000002
MPI_Wait,0.000002
MPI_Irecv,0.000001
MPI_Wait,0.000006
MPI_Irecv,0.000001
MPI_Wait,0.000002
MPI_Irecv,0.000001
MPI_Wait,0.000002
MPI_Irecv,0.000001
MPI_Wait,0.000002
MPI_Irecv,0.000000
MPI_Wait,0.000002
MPI_Irecv,0.000001
MPI_Wait,0.000003
MPI_Irecv,0.000001
MPI_Wait,0.000003
MPI_Irecv,0.000001
MPI_Wait,0.000003
MPI_Irecv,0.000001
MPI_Wait,0.000003
MPI_Irecv,0.000001
MPI_Wait,0.000009
MPI_Irecv,0.000001
MPI_Wait,0.000008
MPI_Irecv,0.000001
MPI_Wait,0.000017
MPI_Irecv,0.000001
MPI_Wait,0.000015
MPI_Irecv,0.000001
MPI_Wait,0.000082
MPI_Irecv,0.000002
MPI_Wait,0.000026
MPI_Irecv,0.000002
MPI_Wait,0.000024
MPI_Irecv,0.000002
MPI_Wait,0.000026
MPI_Irecv,0.000001
MPI_Wait,0.000003
MPI_Irecv,0.000001
MPI_Wait,0.000002
MPI_Irecv,0.000001
MPI_Wait,0.000002
MPI_Irecv,0.000000
MPI_Wait,0.000002
MPI_Irecv,0.000001
MPI_Wait,0.000002
MPI_Irecv,0.000001
MPI_Wait,0.000002
MPI_Irecv,0.000001
MPI_Wait,0.000002
MPI_Irecv,0.000000
MPI_Wait,0.000002
MPI_Irecv,0.000001
MPI_Wait,0.000002
MPI_Irecv,0.000001
MPI_Wait,0.000002
MPI_Irecv,0.000001
MPI_Wait,0.000002
MPI_Irecv,0.000000
MPI_Wait,0.000002
MPI_Irecv,0.000001
MPI_Wait,0.000002
MPI_Irecv,0.000000
MPI_Wait,0.000002
MPI_Irecv,0.000000
MPI_Wait,0.000002
MPI_Irecv,0.000000
MPI_Wait,0.000002
MPI_Irecv,0.000000
MPI_Wait,0.000002
MPI_Irecv,0.000000
MPI_Wait,0.000002
MPI_Irecv,0.000001
MPI_Wait,0.000002
MPI_Irecv,0.000000
MPI_Wait,0.000002
MPI_Irecv,0.000000
MPI_Wait,0.000002
MPI_Irecv,0.000000
MPI_Wait,0.000002
MPI_Irecv,0.000001
MPI_Wait,0.000002
MPI_Irecv,0.000000
MPI_Wait,0.000002
MPI_Irecv,0.000000
MPI_Wait,0.000002
MPI_Irecv,0.000000
MPI_Wait,0.000002
MPI_Irecv,0.000001
MPI_Wait,0.000002
MPI_Irecv,0.000000
MPI_Wait,0.000002
MPI_Irecv,0.000001
MPI_Wait,0.000002
MPI_Irecv,0.000000
MPI_Wait,0.000002
MPI_Irecv,0.000001
MPI_Wait,0.000002
MPI_Irecv,0.000000
MPI_Wait,0.000002
MPI_Irecv,0.000001
MPI_Wait,0.000002
MPI_Irecv,0.000000
MPI_Wait,0.000002
MPI_Irecv,0.000000
MPI_Wait,0.000002
MPI_Irecv,0.000000
MPI_Wait,0.000002
MPI_Irecv,0.000000
MPI_Wait,0.000002
MPI_Irecv,0.000000
MPI_Wait,0.000002
MPI_Irecv,0.000001
MPI_Wait,0.000003
MPI_Irecv,0.000001
MPI_Wait,0.000003
MPI_Irecv,0.000001
MPI_Wait,0.000003
MPI_Irecv,0.000001
MPI_Wait,0.000003
MPI_Irecv,0.000001
MPI_Wait,0.000003
MPI_Irecv,0.000001
MPI_Wait,0.000003
ELAPSED_TIME,0.027699
MPI_Finalize,1.008050
