event,seconds
MPI_Init,1.526179
MPI_Comm_rank,0.000001
MPI_Comm_size,0.000008
MPI_Send,0.000205
MPI_Send,0.000210
MPI_Send,0.000200
MPI_Send,0.000181
MPI_Send,0.000200
MPI_Send,0.000199
MPI_Send,0.000201
MPI_Send,0.003010
MPI_Send,0.007824
MPI_Send,0.007657
MPI_Send,0.008367
MPI_Send,0.007666
MPI_Send,0.008004
MPI_Send,0.007862
MPI_Send,0.008132
MPI_Send,0.000034
MPI_Send,0.007841
MPI_Send,0.007493
MPI_Send,0.007405
MPI_Send,0.007559
MPI_Send,0.008002
MPI_Send,0.007907
MPI_Send,0.007765
MPI_Send,0.007342
MPI_Send,0.007772
MPI_Send,0.007639
MPI_Send,0.007925
MPI_Send,0.007775
MPI_Send,0.007450
MPI_Send,0.007847
MPI_Send,0.007858
MPI_Bcast,0.005747
MPI_Recv,0.000142
MPI_Recv,0.054812
MPI_Recv,0.000116
MPI_Recv,0.000100
MPI_Recv,0.000060
MPI_Recv,0.000120
MPI_Recv,0.000123
MPI_Recv,0.002690
MPI_Recv,0.000058
MPI_Recv,0.004834
MPI_Recv,0.000057
MPI_Recv,0.000056
MPI_Recv,0.003243
MPI_Recv,0.000056
MPI_Recv,0.000058
MPI_Recv,0.000735
MPI_Recv,0.000056
MPI_Recv,0.000056
MPI_Recv,0.000057
MPI_Recv,0.000058
MPI_Recv,0.000055
MPI_Recv,0.000058
MPI_Recv,0.000939
MPI_Recv,0.021634
MPI_Recv,0.000056
MPI_Recv,0.000061
MPI_Recv,0.004686
MPI_Recv,0.011346
MPI_Recv,0.000056
MPI_Recv,0.000056
MPI_Recv,0.000058
ELAPSED_TIME,0.503949
MPI_Finalize,1.757153
